Mon, 27 Sep 2021 12:04:45 GMT | ERROR  | HTTP 404: ask for:  http://localhost:3000/55
Mon, 27 Sep 2021 12:04:45 GMT | ERROR  | HTTP 404: ask for:  http://localhost:3000/favicon.ico
Mon, 27 Sep 2021 12:04:48 GMT | ERROR  | HTTP 404: ask for:  http://localhost:3000/
Mon, 27 Sep 2021 12:05:02 GMT | ERROR  | HTTP 404: ask for:  http://localhost:3000/
Mon, 27 Sep 2021 12:05:05 GMT | ERROR  | HTTP 404: ask for:  http://localhost:3000/
Mon, 27 Sep 2021 12:18:27 GMT | ERROR  | HTTP 404: ask for:  http://localhost:3000/
Mon, 27 Sep 2021 12:18:27 GMT | ERROR  | HTTP 404: ask for:  http://localhost:3000/favicon.ico
Mon, 27 Sep 2021 12:19:01 GMT | ERROR  | HTTP 404: ask for:  http://localhost:3000/
Mon, 27 Sep 2021 12:19:14 GMT | ERROR  | HTTP 404: ask for:  http://localhost:3000/api/v1/boutique
Mon, 27 Sep 2021 12:19:27 GMT | ERROR  | HTTP 404: ask for:  http://localhost:3000/boutique
Mon, 27 Sep 2021 12:19:53 GMT | ERROR  | HTTP 404: ask for:  http://localhost:3000/boutique
Mon, 27 Sep 2021 12:24:15 GMT | ERROR  | HTTP 404: ask for:  http://localhost:3000/
Mon, 27 Sep 2021 12:24:15 GMT | ERROR  | HTTP 404: ask for:  http://localhost:3000/favicon.ico
Mon, 27 Sep 2021 12:24:18 GMT | ERROR  | HTTP 404: ask for:  http://localhost:3000/
Mon, 27 Sep 2021 12:24:18 GMT | ERROR  | HTTP 404: ask for:  http://localhost:3000/favicon.ico
Mon, 27 Sep 2021 12:25:56 GMT | ERROR  | HTTP 404: ask for:  http://localhost:3000/
Mon, 27 Sep 2021 12:25:56 GMT | ERROR  | HTTP 404: ask for:  http://localhost:3000/favicon.ico
Mon, 27 Sep 2021 12:32:59 GMT | ERROR  | HTTP 404: ask for:  http://localhost:3000/boutique
Mon, 27 Sep 2021 12:33:07 GMT | ERROR  | HTTP 404: ask for:  http://localhost:3000/
Mon, 27 Sep 2021 12:33:07 GMT | ERROR  | HTTP 404: ask for:  http://localhost:3000/favicon.ico
Mon, 27 Sep 2021 12:33:08 GMT | ERROR  | HTTP 404: ask for:  http://localhost:3000/
Mon, 27 Sep 2021 12:33:08 GMT | ERROR  | HTTP 404: ask for:  http://localhost:3000/favicon.ico
Mon, 27 Sep 2021 12:33:08 GMT | ERROR  | HTTP 404: ask for:  http://localhost:3000/
Mon, 27 Sep 2021 12:33:08 GMT | ERROR  | HTTP 404: ask for:  http://localhost:3000/favicon.ico
Mon, 27 Sep 2021 12:33:08 GMT | ERROR  | HTTP 404: ask for:  http://localhost:3000/
Mon, 27 Sep 2021 12:33:08 GMT | ERROR  | HTTP 404: ask for:  http://localhost:3000/favicon.ico
Mon, 27 Sep 2021 12:33:14 GMT | ERROR  | HTTP 404: ask for:  http://localhost:3000/boutique
Mon, 27 Sep 2021 12:33:20 GMT | ERROR  | HTTP 404: ask for:  http://localhost:3000/api/v1/todos
Mon, 27 Sep 2021 12:33:23 GMT | ERROR  | HTTP 404: ask for:  http://localhost:3000/api/v1/
Mon, 27 Sep 2021 12:33:28 GMT | ERROR  | HTTP 404: ask for:  http://localhost:3000/api/v1/boutique
Mon, 27 Sep 2021 12:34:02 GMT | ERROR  | HTTP 404: ask for:  http://localhost:3000/api/v1/boutique
Mon, 27 Sep 2021 12:34:02 GMT | ERROR  | HTTP 404: ask for:  http://localhost:3000/favicon.ico
Mon, 27 Sep 2021 12:34:02 GMT | ERROR  | HTTP 404: ask for:  http://localhost:3000/api/v1/boutique
Mon, 27 Sep 2021 12:34:02 GMT | ERROR  | HTTP 404: ask for:  http://localhost:3000/favicon.ico
Mon, 27 Sep 2021 12:34:02 GMT | ERROR  | HTTP 404: ask for:  http://localhost:3000/api/v1/boutique
Mon, 27 Sep 2021 12:34:02 GMT | ERROR  | HTTP 404: ask for:  http://localhost:3000/favicon.ico
Mon, 27 Sep 2021 12:34:06 GMT | ERROR  | HTTP 404: ask for:  http://localhost:3000/api/v1/boutique
Mon, 27 Sep 2021 12:34:10 GMT | ERROR  | HTTP 404: ask for:  http://localhost:3000/api/v1/boutique
Mon, 27 Sep 2021 12:45:18 GMT | ERROR  | HTTP 404: ask for:  http://localhost:3000/favicon.ico
Mon, 27 Sep 2021 12:48:19 GMT | ERROR  | HTTP 404: ask for:  http://localhost:3000/api/v1/boutique
Mon, 27 Sep 2021 12:48:22 GMT | ERROR  | HTTP 404: ask for:  http://localhost:3000/favicon.ico
Mon, 27 Sep 2021 12:48:27 GMT | ERROR  | HTTP 404: ask for:  http://localhost:3000/api/v1/boutique
Mon, 27 Sep 2021 12:51:02 GMT | ERROR  | HTTP 404: ask for:  http://localhost:3000/api/v1/boutique
Mon, 27 Sep 2021 12:51:39 GMT | ERROR  | HTTP 404: ask for:  http://localhost:3000/api/v1/boutique/?id=6151ba239c0cb631469c8ecc
Mon, 27 Sep 2021 12:51:56 GMT | ERROR  | HTTP 404: ask for:  http://localhost:3000/api/v1/boutique
Mon, 27 Sep 2021 12:51:56 GMT | ERROR  | HTTP 404: ask for:  http://localhost:3000/favicon.ico
Mon, 27 Sep 2021 12:58:07 GMT | ERROR  | HTTP 404: ask for:  http://localhost:3000/api/v1/
Mon, 27 Sep 2021 12:58:52 GMT | ERROR  | HTTP 404: ask for:  http://localhost:3000/api/v1/boutiques
Mon, 27 Sep 2021 12:59:52 GMT | ERROR  | HTTP 404: ask for:  http://localhost:3000/boutiques
Mon, 27 Sep 2021 13:00:53 GMT | ERROR  | HTTP 404: ask for:  http://localhost:3000/boutiques/6151ba239c0cb631469c8ecc
Mon, 27 Sep 2021 13:01:05 GMT | ERROR  | HTTP 404: ask for:  http://localhost:3000/boutique?6151ba239c0cb631469c8ecc
Mon, 27 Sep 2021 13:03:47 GMT | ERROR  | HTTP 404: ask for:  http://localhost:3000/api/v1/boutique
Mon, 27 Sep 2021 13:03:47 GMT | ERROR  | HTTP 404: ask for:  http://localhost:3000/favicon.ico
Mon, 27 Sep 2021 13:03:50 GMT | ERROR  | HTTP 404: ask for:  http://localhost:3000/api/v1/boutiques
Mon, 27 Sep 2021 13:04:50 GMT | ERROR  | HTTP 404: ask for:  http://localhost:3000/favicon.ico
Mon, 27 Sep 2021 13:05:48 GMT | ERROR  | HTTP 404: ask for:  http://localhost:3000/boutiques
Mon, 27 Sep 2021 13:08:28 GMT | ERROR  | HTTP 404: ask for:  http://localhost:3000/favicon.ico
Tue, 28 Sep 2021 14:08:45 GMT | ERROR  | HTTP 404: ask for:  http://localhost:3000/categorie
Tue, 28 Sep 2021 14:15:06 GMT | ERROR  | HTTP 404: ask for:  http://localhost:3000/boutique
Fri, 01 Oct 2021 13:15:32 GMT | ERROR  | HTTP 404: ask for:  http://localhost:3000/favicon.ico
Fri, 01 Oct 2021 13:18:19 GMT | ERROR  | HTTP 404: ask for:  http://localhost:3000/categories
Fri, 01 Oct 2021 13:18:25 GMT | ERROR  | HTTP 404: ask for:  http://localhost:3000/categorie
Fri, 01 Oct 2021 14:09:09 GMT | ERROR  | HTTP 404: ask for:  http://localhost:3000/api/v1/category/products/61570d555c740e1a1c3f5e15
Mon, 08 Nov 2021 13:16:53 GMT | ERROR  | HTTP 404: ask for:  http://localhost:3000/
Mon, 08 Nov 2021 13:16:53 GMT | ERROR  | HTTP 404: ask for:  http://localhost:3000/favicon.ico
Mon, 08 Nov 2021 13:22:57 GMT | ERROR  | HTTP 404: ask for:  http://localhost:3000/produits
Mon, 08 Nov 2021 13:41:31 GMT | ERROR  | HTTP 404: ask for:  http://localhost:3000/api/v1/todos
Mon, 08 Nov 2021 13:41:31 GMT | ERROR  | HTTP 404: ask for:  http://localhost:3000/api/v1/todos
Mon, 08 Nov 2021 13:42:03 GMT | ERROR  | HTTP 404: ask for:  http://localhost:3000/api/v1/todo/
Mon, 08 Nov 2021 13:43:42 GMT | ERROR  | HTTP 404: ask for:  http://localhost:3000/api/v1/todo/
Mon, 08 Nov 2021 13:43:49 GMT | ERROR  | HTTP 404: ask for:  http://localhost:3000/
Mon, 08 Nov 2021 13:43:52 GMT | ERROR  | HTTP 404: ask for:  http://localhost:3000/
Mon, 08 Nov 2021 13:43:52 GMT | ERROR  | HTTP 404: ask for:  http://localhost:3000/favicon.ico
Mon, 08 Nov 2021 14:50:49 GMT | ERROR  | HTTP 404: ask for:  http://localhost:3000/api/v1/produits
Mon, 08 Nov 2021 14:50:49 GMT | ERROR  | HTTP 404: ask for:  http://localhost:3000/api/v1/produits
Mon, 08 Nov 2021 14:50:55 GMT | ERROR  | HTTP 404: ask for:  http://localhost:3000/api/v1/produits
Mon, 08 Nov 2021 14:52:38 GMT | ERROR  | HTTP 404: ask for:  http://localhost:3000/api/v1/produits
Mon, 08 Nov 2021 14:52:38 GMT | ERROR  | HTTP 404: ask for:  http://localhost:3000/api/v1/produits
Mon, 08 Nov 2021 14:54:32 GMT | ERROR  | HTTP 404: ask for:  http://localhost:3000/api/v1/produits
Mon, 08 Nov 2021 14:54:32 GMT | ERROR  | HTTP 404: ask for:  http://localhost:3000/api/v1/produits
Mon, 08 Nov 2021 14:56:42 GMT | ERROR  | HTTP 404: ask for:  http://localhost:3000/api/v1/produits
Mon, 08 Nov 2021 14:56:42 GMT | ERROR  | HTTP 404: ask for:  http://localhost:3000/api/v1/produits
Mon, 08 Nov 2021 14:56:55 GMT | ERROR  | HTTP 404: ask for:  http://localhost:3000/api/v1/produits
Mon, 08 Nov 2021 14:56:58 GMT | ERROR  | HTTP 404: ask for:  http://localhost:3000/api/v1/produits
Mon, 08 Nov 2021 15:02:48 GMT | ERROR  | HTTP 404: ask for:  http://localhost:3000/api/v1/produits
Mon, 08 Nov 2021 15:02:48 GMT | ERROR  | HTTP 404: ask for:  http://localhost:3000/api/v1/produits
Mon, 08 Nov 2021 15:05:16 GMT | ERROR  | HTTP 404: ask for:  http://localhost:3000/api/v1/produits
Mon, 08 Nov 2021 15:05:16 GMT | ERROR  | HTTP 404: ask for:  http://localhost:3000/api/v1/produits
Mon, 08 Nov 2021 15:05:25 GMT | ERROR  | HTTP 404: ask for:  http://localhost:3000/api/v1/produit/
Mon, 08 Nov 2021 15:06:39 GMT | ERROR  | HTTP 404: ask for:  http://localhost:3000/api/v1/produits
Mon, 08 Nov 2021 15:06:39 GMT | ERROR  | HTTP 404: ask for:  http://localhost:3000/api/v1/produits
Mon, 08 Nov 2021 15:09:20 GMT | ERROR  | HTTP 404: ask for:  http://localhost:3000/api/v1/produit/
Mon, 08 Nov 2021 15:09:20 GMT | ERROR  | HTTP 404: ask for:  http://localhost:3000/api/v1/produit/
Mon, 08 Nov 2021 15:09:20 GMT | ERROR  | HTTP 404: ask for:  http://localhost:3000/api/v1/produit/
Mon, 08 Nov 2021 15:09:21 GMT | ERROR  | HTTP 404: ask for:  http://localhost:3000/api/v1/produit/
Mon, 08 Nov 2021 15:09:21 GMT | ERROR  | HTTP 404: ask for:  http://localhost:3000/api/v1/produit/
Mon, 08 Nov 2021 15:09:22 GMT | ERROR  | HTTP 404: ask for:  http://localhost:3000/api/v1/produit/
Mon, 08 Nov 2021 15:09:22 GMT | ERROR  | HTTP 404: ask for:  http://localhost:3000/api/v1/produit/
Mon, 08 Nov 2021 15:09:23 GMT | ERROR  | HTTP 404: ask for:  http://localhost:3000/api/v1/produit/
Mon, 08 Nov 2021 15:09:24 GMT | ERROR  | HTTP 404: ask for:  http://localhost:3000/api/v1/produit/
Mon, 08 Nov 2021 15:09:24 GMT | ERROR  | HTTP 404: ask for:  http://localhost:3000/api/v1/produit/
Mon, 08 Nov 2021 15:09:25 GMT | ERROR  | HTTP 404: ask for:  http://localhost:3000/api/v1/produit/
Mon, 08 Nov 2021 15:09:36 GMT | ERROR  | HTTP 404: ask for:  http://localhost:3000/api/v1/produit/
Mon, 08 Nov 2021 15:11:08 GMT | ERROR  | HTTP 404: ask for:  http://localhost:3000/api/v1/produits
Mon, 08 Nov 2021 15:11:08 GMT | ERROR  | HTTP 404: ask for:  http://localhost:3000/api/v1/produits
Mon, 08 Nov 2021 15:11:57 GMT | ERROR  | HTTP 404: ask for:  http://localhost:3000/api/v1/categories
Mon, 08 Nov 2021 15:11:57 GMT | ERROR  | HTTP 404: ask for:  http://localhost:3000/favicon.ico
Mon, 08 Nov 2021 15:12:03 GMT | ERROR  | HTTP 404: ask for:  http://localhost:3000/api/v1/produits
Mon, 08 Nov 2021 15:15:50 GMT | ERROR  | HTTP 404: ask for:  http://localhost:3000/api/v1/boutiques
Mon, 08 Nov 2021 15:15:56 GMT | ERROR  | HTTP 404: ask for:  http://localhost:3000/api/v1/produits
Mon, 08 Nov 2021 15:15:56 GMT | ERROR  | HTTP 404: ask for:  http://localhost:3000/api/v1/produits
Mon, 08 Nov 2021 15:17:19 GMT | ERROR  | HTTP 404: ask for:  http://localhost:3000/api/v1/produits
Mon, 08 Nov 2021 15:17:22 GMT | ERROR  | HTTP 404: ask for:  http://localhost:3000/api/v1/produit
Mon, 08 Nov 2021 15:17:26 GMT | ERROR  | HTTP 404: ask for:  http://localhost:3000/api/v1/
Mon, 08 Nov 2021 15:18:42 GMT | ERROR  | HTTP 404: ask for:  http://localhost:3000/api/v1/produits
Mon, 08 Nov 2021 15:18:54 GMT | ERROR  | HTTP 404: ask for:  http://localhost:3000/api/v1/produits
Mon, 08 Nov 2021 15:19:20 GMT | ERROR  | HTTP 404: ask for:  http://localhost:3000/api/v1/produits
Mon, 08 Nov 2021 15:19:20 GMT | ERROR  | HTTP 404: ask for:  http://localhost:3000/api/v1/produits
Mon, 08 Nov 2021 15:44:56 GMT | ERROR  | HTTP 404: ask for:  http://localhost:3000/produits
Mon, 08 Nov 2021 16:15:08 GMT | ERROR  | HTTP 404: ask for:  http://localhost:3000/produits
Fri, 12 Nov 2021 21:44:07 GMT | ERROR  | HTTP 404: ask for:  http://localhost:3000/
Fri, 12 Nov 2021 21:44:07 GMT | ERROR  | HTTP 404: ask for:  http://localhost:3000/favicon.ico
Sun, 14 Nov 2021 15:19:54 GMT | ERROR  | HTTP 404: ask for:  http://localhost:3000/api/v1/todos
Sun, 14 Nov 2021 15:19:54 GMT | ERROR  | HTTP 404: ask for:  http://localhost:3000/api/v1/todos
Sun, 14 Nov 2021 15:23:55 GMT | ERROR  | HTTP 404: ask for:  http://localhost:3000/api/v1/todos
Sun, 14 Nov 2021 15:29:02 GMT | ERROR  | HTTP 404: ask for:  http://localhost:3000/api/v1/todos
Sun, 14 Nov 2021 15:29:02 GMT | ERROR  | HTTP 404: ask for:  http://localhost:3000/api/v1/todos
Sun, 14 Nov 2021 15:50:06 GMT | ERROR  | HTTP 404: ask for:  http://localhost:3000/favicon.ico
Sun, 14 Nov 2021 16:06:11 GMT | ERROR  | HTTP 404: ask for:  http://localhost:3000/todos
Sun, 14 Nov 2021 16:06:11 GMT | ERROR  | HTTP 404: ask for:  http://localhost:3000/todos
Sun, 14 Nov 2021 16:10:04 GMT | ERROR  | HTTP 404: ask for:  http://localhost:3000/todo/6190f453ed5801624368e9dd
Wed, 17 Nov 2021 07:37:40 GMT | ERROR  | HTTP 404: ask for:  http://localhost:3000/produits
