Mon, 27 Sep 2021 12:04:41 GMT | INFO  | Server is running on port: 3000
Mon, 27 Sep 2021 12:15:59 GMT | INFO  | Server is running on port: 3000
Mon, 27 Sep 2021 12:15:59 GMT | INFO  | Connected to database
Mon, 27 Sep 2021 12:20:10 GMT | INFO  | Server is running on port: 3000
Mon, 27 Sep 2021 12:20:10 GMT | INFO  | Connected to database
Mon, 27 Sep 2021 12:21:34 GMT | INFO  | Server is running on port: 3000
Mon, 27 Sep 2021 12:21:34 GMT | INFO  | Connected to database
Mon, 27 Sep 2021 12:22:05 GMT | INFO  | Server is running on port: 3000
Mon, 27 Sep 2021 12:22:05 GMT | INFO  | Connected to database
Mon, 27 Sep 2021 12:23:29 GMT | INFO  | Server is running on port: 3000
Mon, 27 Sep 2021 12:23:29 GMT | INFO  | Connected to database
Mon, 27 Sep 2021 12:24:15 GMT | INFO  | Server is running on port: 3000
Mon, 27 Sep 2021 12:24:15 GMT | INFO  | Connected to database
Mon, 27 Sep 2021 12:27:52 GMT | INFO  | Server is running on port: 3000
Mon, 27 Sep 2021 12:27:52 GMT | INFO  | Connected to database
Mon, 27 Sep 2021 12:32:49 GMT | INFO  | Server is running on port: 3000
Mon, 27 Sep 2021 12:32:49 GMT | INFO  | Connected to database
Mon, 27 Sep 2021 12:48:08 GMT | INFO  | Server is running on port: 3000
Mon, 27 Sep 2021 12:48:08 GMT | INFO  | Connected to database
Mon, 27 Sep 2021 12:55:11 GMT | INFO  | Server is running on port: 3000
Mon, 27 Sep 2021 12:55:11 GMT | INFO  | Connected to database
Mon, 27 Sep 2021 12:57:59 GMT | INFO  | Server is running on port: 3000
Mon, 27 Sep 2021 12:57:59 GMT | INFO  | Connected to database
Mon, 27 Sep 2021 13:00:16 GMT | INFO  | Server is running on port: 3000
Mon, 27 Sep 2021 13:00:16 GMT | INFO  | Connected to database
Mon, 27 Sep 2021 13:02:36 GMT | INFO  | Server is running on port: 3000
Mon, 27 Sep 2021 13:02:36 GMT | INFO  | Connected to database
Mon, 27 Sep 2021 13:03:23 GMT | INFO  | Server is running on port: 3000
Mon, 27 Sep 2021 13:03:23 GMT | INFO  | Connected to database
Mon, 27 Sep 2021 13:04:31 GMT | INFO  | Server is running on port: 3000
Mon, 27 Sep 2021 13:04:31 GMT | INFO  | Connected to database
Mon, 27 Sep 2021 13:06:30 GMT | INFO  | Server is running on port: 3000
Mon, 27 Sep 2021 13:06:30 GMT | INFO  | Connected to database
Tue, 28 Sep 2021 14:04:44 GMT | INFO  | Server is running on port: 3000
Tue, 28 Sep 2021 14:04:44 GMT | INFO  | Connected to database
Fri, 01 Oct 2021 13:14:49 GMT | INFO  | Server is running on port: 3000
Fri, 01 Oct 2021 13:14:49 GMT | INFO  | Connected to database
Fri, 01 Oct 2021 13:17:08 GMT | INFO  | Server is running on port: 3000
Fri, 01 Oct 2021 13:17:08 GMT | INFO  | Connected to database
Fri, 01 Oct 2021 13:17:44 GMT | INFO  | Server is running on port: 3000
Fri, 01 Oct 2021 13:17:44 GMT | INFO  | Connected to database
Fri, 01 Oct 2021 14:21:40 GMT | INFO  | Server is running on port: 3000
Fri, 01 Oct 2021 14:21:40 GMT | INFO  | Connected to database
Fri, 01 Oct 2021 14:32:33 GMT | INFO  | Server is running on port: 3000
Fri, 01 Oct 2021 14:32:34 GMT | INFO  | Connected to database
Fri, 01 Oct 2021 14:33:17 GMT | INFO  | Server is running on port: 3000
Fri, 01 Oct 2021 14:33:17 GMT | INFO  | Connected to database
Fri, 01 Oct 2021 14:38:31 GMT | INFO  | Server is running on port: 3000
Fri, 01 Oct 2021 14:38:31 GMT | INFO  | Connected to database
Sat, 02 Oct 2021 14:53:25 GMT | INFO  | Server is running on port: 3000
Sat, 02 Oct 2021 14:53:25 GMT | INFO  | Connected to database
Tue, 12 Oct 2021 13:32:52 GMT | INFO  | Server is running on port: 3000
Tue, 12 Oct 2021 13:32:52 GMT | INFO  | Connected to database
Mon, 08 Nov 2021 13:16:50 GMT | INFO  | Server is running on port: 3000
Mon, 08 Nov 2021 13:16:50 GMT | INFO  | Connected to database
Mon, 08 Nov 2021 14:24:02 GMT | INFO  | Server is running on port: 3000
Mon, 08 Nov 2021 14:24:02 GMT | INFO  | Connected to database
Mon, 08 Nov 2021 16:22:27 GMT | INFO  | Server is running on port: 3000
Mon, 08 Nov 2021 16:22:27 GMT | INFO  | Connected to database
Mon, 08 Nov 2021 16:25:15 GMT | INFO  | Server is running on port: 3000
Mon, 08 Nov 2021 16:25:15 GMT | INFO  | Connected to database
Fri, 12 Nov 2021 09:03:56 GMT | INFO  | Server is running on port: 3000
Fri, 12 Nov 2021 09:03:56 GMT | INFO  | Connected to database
Fri, 12 Nov 2021 10:11:02 GMT | INFO  | Server is running on port: 3000
Fri, 12 Nov 2021 10:11:02 GMT | INFO  | Connected to database
Fri, 12 Nov 2021 21:29:49 GMT | INFO  | Server is running on port: 3000
Fri, 12 Nov 2021 21:29:49 GMT | INFO  | Connected to database
Sat, 13 Nov 2021 09:19:33 GMT | INFO  | Server is running on port: 3000
Sat, 13 Nov 2021 09:19:33 GMT | INFO  | Connected to database
Sun, 14 Nov 2021 11:25:56 GMT | INFO  | Server is running on port: 3000
Sun, 14 Nov 2021 11:25:56 GMT | INFO  | Connected to database
Sun, 14 Nov 2021 15:02:19 GMT | INFO  | Server is running on port: 3000
Sun, 14 Nov 2021 15:02:20 GMT | INFO  | Connected to database
Sun, 14 Nov 2021 15:16:33 GMT | INFO  | Server is running on port: 3000
Sun, 14 Nov 2021 15:16:33 GMT | INFO  | Connected to database
Sun, 14 Nov 2021 15:30:28 GMT | INFO  | Server is running on port: 3000
Sun, 14 Nov 2021 15:30:28 GMT | INFO  | Connected to database
Sun, 14 Nov 2021 15:44:30 GMT | INFO  | Server is running on port: 3000
Sun, 14 Nov 2021 15:44:30 GMT | INFO  | Connected to database
Sun, 14 Nov 2021 16:22:04 GMT | INFO  | Server is running on port: 3000
Sun, 14 Nov 2021 16:22:04 GMT | INFO  | Connected to database
Mon, 15 Nov 2021 10:16:11 GMT | INFO  | Server is running on port: 3000
Mon, 15 Nov 2021 10:16:11 GMT | INFO  | Connected to database
Mon, 15 Nov 2021 11:39:22 GMT | INFO  | Server is running on port: 3000
Mon, 15 Nov 2021 11:39:22 GMT | INFO  | Connected to database
Mon, 15 Nov 2021 11:53:19 GMT | INFO  | Server is running on port: 3000
Mon, 15 Nov 2021 11:53:19 GMT | INFO  | Connected to database
Mon, 15 Nov 2021 17:56:39 GMT | INFO  | Server is running on port: 3000
Mon, 15 Nov 2021 17:56:39 GMT | INFO  | Connected to database
Mon, 15 Nov 2021 19:25:11 GMT | INFO  | Server is running on port: 3000
Mon, 15 Nov 2021 19:25:11 GMT | INFO  | Connected to database
Tue, 16 Nov 2021 11:24:44 GMT | INFO  | Server is running on port: 3000
Tue, 16 Nov 2021 11:24:44 GMT | INFO  | Connected to database
Wed, 17 Nov 2021 07:23:04 GMT | INFO  | Server is running on port: 3000
Wed, 17 Nov 2021 07:23:04 GMT | INFO  | Connected to database
Wed, 17 Nov 2021 09:40:26 GMT | INFO  | Server is running on port: 3000
Wed, 17 Nov 2021 09:40:26 GMT | INFO  | Connected to database
Wed, 17 Nov 2021 13:53:09 GMT | INFO  | Server is running on port: 3000
Wed, 17 Nov 2021 13:53:09 GMT | INFO  | Connected to database
Wed, 17 Nov 2021 14:39:21 GMT | INFO  | Server is running on port: 3000
Wed, 17 Nov 2021 14:39:21 GMT | INFO  | Connected to database
Thu, 18 Nov 2021 07:17:56 GMT | INFO  | Server is running on port: 3000
Thu, 18 Nov 2021 07:17:56 GMT | INFO  | Connected to database
Thu, 18 Nov 2021 08:56:46 GMT | INFO  | Server is running on port: 3000
Thu, 18 Nov 2021 08:56:46 GMT | INFO  | Connected to database
Thu, 18 Nov 2021 16:11:28 GMT | INFO  | Server is running on port: 3000
Thu, 18 Nov 2021 16:11:28 GMT | INFO  | Connected to database
